{"level":"fatal","message":"POST /f8f97f3c-b5a3-4a7b-a58d-c363a6d6e5bb/products/82c2e7a5-db4b-4ec0-b40e-6178e13d6af9 - Status: 201 (Unknown) - Unknown status code received","timestamp":"2024-03-10T19:58:34.697Z"}
{"level":"error","message":"POST /f8f97f3c-b5a3-4a7b-a58d-c363a6d6e5bb/products/82c2e7a5-db4b-4ec0-b40e-6178e13d6af9 - Status: 201 (Created) - Resource successfully created","timestamp":"2024-03-10T19:59:41.815Z"}
{"level":"fatal","message":"POST /61d00dff-2009-47b5-833d-932131cb862b/products/82c2e7a5-db4b-4ec0-b40e-6178e13d6af9 - Status: 500 (Server Error) - Internal server error occurred while processing the request","timestamp":"2024-03-10T20:02:42.084Z"}
{"level":"fatal","message":"POST /61d00dff-2009-47b5-833d-932131cb862b/products/82c2e7a5-db4b-4ec0-b40e-6178e13d6af9 - Status: 500 (Server Error) - Internal server error occurred while processing the request","timestamp":"2024-03-10T20:03:28.638Z"}
{"level":"fatal","message":"POST /payment - Status: 500 (Server Error) - Internal server error occurred while processing the request","timestamp":"2024-03-10T20:45:02.418Z"}
{"level":"fatal","message":"GET / - Status: 304 (Unknown) - Unknown status code received","timestamp":"2024-03-10T20:50:24.855Z"}
{"level":"fatal","message":"GET /swagger-ui-init.js - Status: 304 (Unknown) - Unknown status code received","timestamp":"2024-03-10T20:50:25.450Z"}
{"level":"fatal","message":"GET / - Status: 304 (Unknown) - Unknown status code received","timestamp":"2024-03-10T20:54:59.198Z"}
{"level":"fatal","message":"GET / - Status: 304 (Unknown) - Unknown status code received","timestamp":"2024-03-12T21:37:29.636Z"}
{"level":"fatal","message":"GET / - Status: 304 (Unknown) - Unknown status code received","timestamp":"2024-03-12T21:38:53.017Z"}
{"level":"fatal","message":"GET /swagger-ui-init.js - Status: 304 (Unknown) - Unknown status code received","timestamp":"2024-03-12T21:38:54.504Z"}
{"level":"fatal","message":"GET / - Status: 304 (Unknown) - Unknown status code received","timestamp":"2024-03-12T21:39:06.013Z"}
{"level":"fatal","message":"GET /swagger-ui-init.js - Status: 304 (Unknown) - Unknown status code received","timestamp":"2024-03-12T21:39:07.411Z"}
{"level":"error","message":"GET /current - Status: 401 (Client Error) - Client error occurred while processing the request","timestamp":"2024-03-14T21:24:08.560Z"}
{"level":"error","message":"GET /current - Status: 401 (Client Error) - Client error occurred while processing the request","timestamp":"2024-03-14T21:24:13.717Z"}
{"level":"error","message":"GET /current - Status: 401 (Client Error) - Client error occurred while processing the request","timestamp":"2024-03-16T17:42:26.807Z"}
{"level":"error","message":"GET /current - Status: 401 (Client Error) - Client error occurred while processing the request","timestamp":"2024-03-17T19:10:44.758Z"}
{"level":"fatal","message":"POST /null/products/82c2e7a5-db4b-4ec0-b40e-6178e13d6af9 - Status: 500 (Server Error) - Internal server error occurred while processing the request","timestamp":"2024-03-17T20:50:06.131Z"}
{"level":"fatal","message":"POST /null/products/82c2e7a5-db4b-4ec0-b40e-6178e13d6af9 - Status: 500 (Server Error) - Internal server error occurred while processing the request","timestamp":"2024-03-17T20:50:06.261Z"}
{"level":"fatal","message":"POST /null/products/82c2e7a5-db4b-4ec0-b40e-6178e13d6af9 - Status: 500 (Server Error) - Internal server error occurred while processing the request","timestamp":"2024-03-17T20:50:06.418Z"}
{"level":"fatal","message":"POST /null/products/82c2e7a5-db4b-4ec0-b40e-6178e13d6af9 - Status: 500 (Server Error) - Internal server error occurred while processing the request","timestamp":"2024-03-17T20:50:06.572Z"}
{"level":"fatal","message":"POST /null/products/f6c8aee2-3bf2-40ff-a328-57c42f2506a9 - Status: 500 (Server Error) - Internal server error occurred while processing the request","timestamp":"2024-03-17T20:50:08.092Z"}
{"level":"fatal","message":"POST /null/products/f6c8aee2-3bf2-40ff-a328-57c42f2506a9 - Status: 500 (Server Error) - Internal server error occurred while processing the request","timestamp":"2024-03-17T20:50:08.267Z"}
{"level":"fatal","message":"POST /null/products/f6c8aee2-3bf2-40ff-a328-57c42f2506a9 - Status: 500 (Server Error) - Internal server error occurred while processing the request","timestamp":"2024-03-17T20:50:08.398Z"}
{"level":"fatal","message":"POST /null/products/f6c8aee2-3bf2-40ff-a328-57c42f2506a9 - Status: 500 (Server Error) - Internal server error occurred while processing the request","timestamp":"2024-03-17T20:50:08.553Z"}
{"level":"fatal","message":"POST /null/products/f6c8aee2-3bf2-40ff-a328-57c42f2506a9 - Status: 500 (Server Error) - Internal server error occurred while processing the request","timestamp":"2024-03-17T20:50:08.674Z"}
{"level":"fatal","message":"POST /null/products/60dc94af-8694-457c-b9db-70d62299782c - Status: 500 (Server Error) - Internal server error occurred while processing the request","timestamp":"2024-03-17T20:50:09.758Z"}
{"level":"fatal","message":"POST /null/products/60dc94af-8694-457c-b9db-70d62299782c - Status: 500 (Server Error) - Internal server error occurred while processing the request","timestamp":"2024-03-17T20:50:10.082Z"}
{"level":"fatal","message":"POST /null/products/60dc94af-8694-457c-b9db-70d62299782c - Status: 500 (Server Error) - Internal server error occurred while processing the request","timestamp":"2024-03-17T20:50:10.223Z"}
{"level":"fatal","message":"POST /null/products/60dc94af-8694-457c-b9db-70d62299782c - Status: 500 (Server Error) - Internal server error occurred while processing the request","timestamp":"2024-03-17T20:50:10.340Z"}
{"level":"fatal","message":"POST /null/products/60dc94af-8694-457c-b9db-70d62299782c - Status: 500 (Server Error) - Internal server error occurred while processing the request","timestamp":"2024-03-17T20:50:10.583Z"}
{"level":"fatal","message":"POST /null/products/60dc94af-8694-457c-b9db-70d62299782c - Status: 500 (Server Error) - Internal server error occurred while processing the request","timestamp":"2024-03-17T20:50:10.756Z"}
{"level":"fatal","message":"POST /null/products/60dc94af-8694-457c-b9db-70d62299782c - Status: 500 (Server Error) - Internal server error occurred while processing the request","timestamp":"2024-03-17T20:50:10.882Z"}
{"level":"fatal","message":"POST /null/products/194bf8fd-6c6a-4e91-a1cb-50b5073f59cf - Status: 500 (Server Error) - Internal server error occurred while processing the request","timestamp":"2024-03-17T20:50:11.501Z"}
{"level":"fatal","message":"POST /null/products/194bf8fd-6c6a-4e91-a1cb-50b5073f59cf - Status: 500 (Server Error) - Internal server error occurred while processing the request","timestamp":"2024-03-17T20:50:11.642Z"}
{"level":"fatal","message":"POST /null/products/194bf8fd-6c6a-4e91-a1cb-50b5073f59cf - Status: 500 (Server Error) - Internal server error occurred while processing the request","timestamp":"2024-03-17T20:50:11.795Z"}
{"level":"fatal","message":"GET /f6ecbd2a-4f21-454e-91dc-aebbdc19d685 - Status: 500 (Server Error) - Internal server error occurred while processing the request","timestamp":"2024-03-17T21:11:31.568Z"}
{"level":"fatal","message":"GET /f05f9526-0098-4838-a7d0-809c7a6f0d3e - Status: 500 (Server Error) - Internal server error occurred while processing the request","timestamp":"2024-03-17T21:12:32.100Z"}
{"level":"fatal","message":"POST / - Status: 500 (Server Error) - Internal server error occurred while processing the request","timestamp":"2024-03-17T22:01:31.880Z"}
{"level":"fatal","message":"DELETE /f8f97f3c-b5a3-4a7b-a58d-c363a6d6e5bb/products/82c2e7a5-db4b-4ec0-b40e-6178e13d6af9 - Status: 500 (Server Error) - Internal server error occurred while processing the request","timestamp":"2024-03-21T00:05:32.430Z"}
{"level":"fatal","message":"DELETE /6840f315-574e-49df-b83c-9ca072c2e9a7/products/82c2e7a5-db4b-4ec0-b40e-6178e13d6af9 - Status: 500 (Server Error) - Internal server error occurred while processing the request","timestamp":"2024-03-21T00:06:11.841Z"}
{"level":"error","message":"GET /current - Status: 401 (Unauthorized) - Email or password is wrong","timestamp":"2024-03-21T00:20:32.236Z"}
{"level":"fatal","message":"GET /a4d45713-9694-4a37-a8e9-933f324c712c - Status: 500 (Server Error) - Internal server error occurred while processing the request","timestamp":"2024-03-21T00:39:33.161Z"}
{"level":"fatal","message":"PUT /fdd72084-79af-4e4d-a4cd-b94351a87482 - Status: 500 (Server Error) - Internal server error occurred while processing the request","timestamp":"2024-03-24T17:20:21.097Z"}
{"level":"fatal","message":"DELETE /fdd72084-79af-4e4d-a4cd-b94351a87482 - Status: 500 (Server Error) - Internal server error occurred while processing the request","timestamp":"2024-03-24T17:20:21.460Z"}
{"level":"error","message":"GET /current - Status: 401 (Unauthorized) - Email or password is wrong","timestamp":"2024-03-24T17:59:14.235Z"}
{"level":"fatal","message":"POST / - Status: 500 (Server Error) - Internal server error occurred while processing the request","timestamp":"2024-03-24T19:34:12.306Z"}
{"level":"fatal","message":"POST / - Status: 500 (Server Error) - Internal server error occurred while processing the request","timestamp":"2024-03-24T19:38:30.602Z"}
{"level":"fatal","message":"POST / - Status: 500 (Server Error) - Internal server error occurred while processing the request","timestamp":"2024-03-24T19:41:02.228Z"}
{"level":"fatal","message":"POST /b5a3-4a7b-admin-c363a6d6e5bb/products/4c20826b-5f09-482b-aacc-6883a2f6105a - Status: 500 (Server Error) - Internal server error occurred while processing the request","timestamp":"2024-03-24T19:51:27.671Z"}
{"level":"fatal","message":"POST / - Status: 500 (Server Error) - Internal server error occurred while processing the request","timestamp":"2024-03-24T19:57:38.249Z"}
{"level":"fatal","message":"POST / - Status: 500 (Server Error) - Internal server error occurred while processing the request","timestamp":"2024-03-24T20:08:47.522Z"}
{"level":"fatal","message":"POST / - Status: 500 (Server Error) - Internal server error occurred while processing the request","timestamp":"2024-03-24T20:34:07.096Z"}
{"level":"fatal","message":"POST / - Status: 500 (Server Error) - Internal server error occurred while processing the request","timestamp":"2024-03-24T20:34:23.357Z"}
{"level":"fatal","message":"POST / - Status: 500 (Server Error) - Internal server error occurred while processing the request","timestamp":"2024-03-24T20:35:07.807Z"}
{"level":"error","message":"GET /current - Status: 401 (Unauthorized) - Email or password is wrong","timestamp":"2024-03-24T21:04:37.263Z"}
{"level":"error","message":"GET /current - Status: 401 (Unauthorized) - Email or password is wrong","timestamp":"2024-03-24T21:05:40.381Z"}
