{"level":"error","message":"GET /current - Status: 401 (Unauthorized) - Email or password is wrong","timestamp":"2024-04-06T16:12:17.283Z"}
{"level":"error","message":"GET /current - Status: 401 (Unauthorized) - Email or password is wrong","timestamp":"2024-04-06T16:12:40.100Z"}
{"level":"error","message":"GET /current - Status: 401 (Unauthorized) - Email or password is wrong","timestamp":"2024-04-06T19:18:24.331Z"}
{"level":"error","message":"GET /current - Status: 401 (Unauthorized) - Email or password is wrong","timestamp":"2024-04-06T20:01:30.206Z"}
{"level":"error","message":"GET /current - Status: 401 (Unauthorized) - Email or password is wrong","timestamp":"2024-04-06T20:03:21.090Z"}
{"level":"error","message":"GET /current - Status: 401 (Unauthorized) - Email or password is wrong","timestamp":"2024-04-06T20:29:28.712Z"}
{"level":"error","message":"GET /current - Status: 401 (Unauthorized) - Email or password is wrong","timestamp":"2024-04-07T00:17:19.456Z"}
{"level":"error","message":"GET /current - Status: 401 (Unauthorized) - Email or password is wrong","timestamp":"2024-04-07T00:17:48.033Z"}
{"level":"error","timestamp":"2024-04-07T19:41:42.541Z"}
{"level":"error","message":"POST /register - Status: 401 (Unauthorized) - Email or password is wrong","timestamp":"2024-04-07T20:33:08.391Z"}
{"_message":"users validation failed","errors":{"password":{"kind":"user defined","message":"La contraseña debe tener al menos 8 caracteres, una mayúscula y un número","name":"ValidatorError","path":"password","properties":{"message":"La contraseña debe tener al menos 8 caracteres, una mayúscula y un número","path":"password","type":"user defined","value":"$2a$10$KucthOaQty5tFnEYlaoAlOpTcU3CtP3hrs.34pSrCCqnZtb2pordK"},"value":"$2a$10$KucthOaQty5tFnEYlaoAlOpTcU3CtP3hrs.34pSrCCqnZtb2pordK"}},"level":"error","timestamp":"2024-04-07T21:25:09.756Z"}
{"_message":"users validation failed","errors":{"password":{"kind":"user defined","message":"La contraseña debe tener al menos 8 caracteres, una mayúscula y un número","name":"ValidatorError","path":"password","properties":{"message":"La contraseña debe tener al menos 8 caracteres, una mayúscula y un número","path":"password","type":"user defined","value":"$2a$10$fAYQfEs4uGqMNJui6vwKHOzux1oLP7CnvP9ko19Sj2k/qdtOTdXRS"},"value":"$2a$10$fAYQfEs4uGqMNJui6vwKHOzux1oLP7CnvP9ko19Sj2k/qdtOTdXRS"}},"level":"error","timestamp":"2024-04-07T21:28:08.188Z"}
{"level":"error","timestamp":"2024-04-07T22:29:37.998Z"}
{"level":"error","timestamp":"2024-04-07T22:38:25.116Z"}
{"level":"error","timestamp":"2024-04-07T22:41:49.366Z"}
{"level":"error","timestamp":"2024-04-07T22:43:59.482Z"}
{"level":"error","timestamp":"2024-04-07T22:44:12.097Z"}
{"level":"error","timestamp":"2024-04-07T22:50:32.073Z"}
{"level":"error","timestamp":"2024-04-07T23:01:13.721Z"}
{"level":"error","message":"Error de autenticación: Error de autenticación: Contraseña incorrecta","timestamp":"2024-04-08T00:11:33.918Z"}
{"level":"error","message":"Error de autenticación: Error de autenticación: Contraseña incorrecta","timestamp":"2024-04-08T00:18:22.130Z"}
{"level":"error","message":"Error de autenticación: Contraseña incorrecta","timestamp":"2024-04-08T00:20:21.820Z"}
{"level":"error","message":"Error de autenticación: Contraseña incorrecta","timestamp":"2024-04-08T00:30:00.124Z"}
{"level":"error","message":"Error de autenticación: Contraseña incorrecta","timestamp":"2024-04-08T00:30:33.874Z"}
{"level":"error","message":"Error de autenticación: Contraseña incorrecta","timestamp":"2024-04-08T00:41:12.017Z"}
{"level":"error","message":"Error de autenticación: Contraseña incorrecta","timestamp":"2024-04-08T00:41:29.431Z"}
{"level":"error","message":"Error de autenticación: Contraseña incorrecta","timestamp":"2024-04-08T00:44:08.745Z"}
{"level":"error","message":"Error de autenticación: Contraseña incorrecta","timestamp":"2024-04-08T00:51:34.009Z"}
{"level":"error","message":"Error de autenticación: Contraseña incorrecta","timestamp":"2024-04-08T01:49:58.159Z"}
{"level":"error","timestamp":"2024-04-08T01:54:15.270Z"}
{"level":"error","message":"Error de autenticación: Contraseña incorrecta","timestamp":"2024-04-08T02:04:39.022Z"}
{"level":"error","message":"Error de autenticación: Contraseña incorrecta","timestamp":"2024-04-08T02:05:38.331Z"}
{"level":"error","message":"Error de autenticación: Contraseña incorrecta","timestamp":"2024-04-08T02:25:20.857Z"}
{"level":"error","message":"Error de autenticación: Contraseña incorrecta","timestamp":"2024-04-08T02:25:45.800Z"}
{"level":"error","message":"Error de autenticación: Contraseña incorrecta","timestamp":"2024-04-08T02:26:08.557Z"}
{"level":"error","message":"Error de autenticación: Contraseña incorrecta","timestamp":"2024-04-08T02:26:27.863Z"}
{"level":"error","message":"Error de autenticación: Correo electrónico no encontradoError: Correo electrónico no encontrado","timestamp":"2024-04-08T02:44:04.530Z"}
{"level":"error","message":"Error de autenticación: Correo electrónico no encontradoError: Correo electrónico no encontrado","timestamp":"2024-04-08T02:45:40.946Z"}
{"level":"error","message":"Error de autenticación: Correo electrónico no encontrado","timestamp":"2024-04-08T02:46:21.297Z"}
{"level":"error","message":"Error de autenticación: Contraseña Inconrrecta","timestamp":"2024-04-08T02:48:32.394Z"}
